--------------------------------------------------
PC: sant0s
Sistema: win32
IP: 179.48.74.248
IP PC: 192.168.1.5
Data: 19/11/2023
Hora: 20:25:12
Dados: 11;11;11;M;11;11;11;11;11;11;11;11
--------------------------------------------------
--------------------------------------------------
PC: sant0s
Sistema: win32
IP: 179.48.74.248
IP PC: 192.168.1.5
Data: 19/11/2023
Hora: 20:26:11
Dados: 11;11;11;M;25022004;111;11;111;11;111;111;1111
--------------------------------------------------
--------------------------------------------------
PC: sant0s
Sistema: win32
IP: 179.48.74.248
IP PC: 192.168.1.5
Data: 19/11/2023
Hora: 20:32:01
Dados: 11;06994188108;223221;M;1121;1231312;3123123;12312321;31232131;312312312;3123123123;12312312321
--------------------------------------------------
--------------------------------------------------
PC: sant0s
Sistema: win32
IP: 179.48.74.248
IP PC: 192.168.1.5
Data: 19/11/2023
Hora: 20:34:11
Dados: 11;06994188108;123123;M;12313;123213;12312312;312312;312312;313213;123123213;3213123
--------------------------------------------------
--------------------------------------------------
PC: sant0s
Sistema: win32
IP: 179.48.74.248
IP PC: 192.168.1.5
Data: 19/11/2023
Hora: 20:35:34
Dados: 11;06994188108;123123;M;123123;123123;12312;312312;312312;3123;123123;213123
--------------------------------------------------
--------------------------------------------------
PC: sant0s
Sistema: win32
IP: 179.48.74.248
IP PC: 192.168.1.5
Data: 19/11/2023
Hora: 20:36:32
Dados: 11;06994188108;12313;M;13123;123123;123123;123213;3123123;12312312;123123123;123123
--------------------------------------------------
--------------------------------------------------
PC: sant0s
Sistema: win32
IP: 179.48.74.248
IP PC: 192.168.1.5
Data: 19/11/2023
Hora: 20:43:45
Dados: Nome: 11
CPF: 06994188108
RG: 2312312
Sexo: M
Data de Nascimento: 13123
Telefone: 12312
Endereço: 31231
Setor: 2312312
Complemento: 3123123
Naturalidade: 13132
CEP: 312312
Cidade: 312312312
Estado: 31231312
País: 1231231
--------------------------------------------------
--------------------------------------------------
PC: sant0s
Sistema: win32
IP: 179.48.74.248
IP PC: 192.168.1.5
Data: 19/11/2023
Hora: 20:45:21
Dados: Nome: Erek
CPF: 06994188108
RG: 1213123
Sexo: M
Data de Nascimento: 25022004
Telefone: 62984201618
Endereço: 121312
Setor: 3123123
Complemento: 12312
Naturalidade: 31312
CEP: 31231312
Cidade: 312312312
Estado: 3123123
País: 13123123
--------------------------------------------------
--------------------------------------------------
PC: sant0s
Sistema: win32
IP: 179.48.74.248
IP PC: 192.168.1.5
Data: 19/11/2023
Hora: 20:47:09
Dados: Nome: 11
CPF: 06994188108
RG: 12313
Sexo: M
Data de Nascimento: 131231
Telefone: 2312
Endereço: 3123123
Setor: 1231231
Complemento: 312312
Naturalidade: 312312312
CEP: 3123123
Cidade: 3123123
Estado: 31312
País: 32131231
--------------------------------------------------
--------------------------------------------------
PC: sant0s
Sistema: win32
IP: 179.48.74.248
IP PC: 192.168.1.5
Data: 19/11/2023
Hora: 20:49:27
Dados: Nome: Erek
CPF: 06994188108
RG: 132123
Sexo: M
Data de Nascimento: 1312312
Telefone: 3123
Endereço: 12312312
Setor: 312321
Complemento: 312321
Naturalidade: 3123213
CEP: 123123
Cidade: 12312321312
Estado: 321312312
País: 31231312
--------------------------------------------------
--------------------------------------------------
PC: sant0s
Sistema: win32
IP: 179.48.74.248
IP PC: 192.168.1.5
Data: 19/11/2023
Hora: 20:52:29
Dados: Nome: 1
CPF: 06994188108
RG: 131231
Sexo: M
Data de Nascimento: 312313
Telefone: 12312
Endereço: 312312
Setor: 312321
Complemento: 3123213
Naturalidade: 12312321
CEP: 31231231
Cidade: 231231231
Estado: 23123123
País: 312312
--------------------------------------------------
--------------------------------------------------
PC: sant0s
Sistema: win32
IP: 179.48.74.248
IP PC: 192.168.1.5
Data: 19/11/2023
Hora: 20:55:30
Dados: Nome: erekeasd
CPF: 06994188108
RG: 22313
Sexo: M
Data de Nascimento: 25022004
Telefone: 132131
Endereço: 3123123
Setor: 12312
Complemento: 312312
Naturalidade: 3123213
CEP: 12312312
Cidade: 312312313
Estado: 1321231
País: 321
--------------------------------------------------
--------------------------------------------------
PC: sant0s
Sistema: win32
IP: 179.48.74.248
IP PC: 192.168.1.5
Data: 19/11/2023
Hora: 21:02:55
Dados: Nome: 11
CPF: 123123123
RG: 1321312
Sexo: M
Data de Nascimento: 123131231
Telefone: 3123
Endereço: 123123
Setor: 123123
Complemento: 12312312
Naturalidade: 312312312
CEP: 3123123123
Cidade: 21312321
Estado: 13212
País: 3123131231
--------------------------------------------------
--------------------------------------------------
PC: sant0s
Sistema: win32
IP: 179.48.74.248
IP PC: 192.168.1.5
Data: 19/11/2023
Hora: 21:06:45
Dados: Nome: Erek
CPF: 069.941.882-32
RG: 123123123
Sexo: M
Data de Nascimento: 13/12/1996
Telefone: 2313123
Endereço: 313123
Setor: 123
Complemento: 123123
Naturalidade: 12312321
CEP: 3123123
Cidade: 131231233
Estado: 123313
País: 112133
--------------------------------------------------
--------------------------------------------------
PC: sant0s
Sistema: win32
IP: 179.48.74.248
IP PC: 192.168.1.5
Data: 19/11/2023
Hora: 21:08:30
Dados: Nome: 111111
CPF: 069.941.881-08
RG: 123112
Sexo: M
Data de Nascimento: 25/02/2004
Telefone: 123213
Endereço: 123123123
Setor: 123123
Complemento: 123123
Naturalidade: 123123
CEP: 123123
Cidade: 123123
Estado: 12312312
País: 312312312
--------------------------------------------------
--------------------------------------------------
PC: sant0s
Sistema: win32
IP: 179.48.74.248
IP PC: 192.168.1.5
Data: 19/11/2023
Hora: 21:56:45
Dados: Nome: Erek
CPF: 332.321.321-02
RG: 12312312
Sexo: M
Data de Nascimento: 25/02/2004
Telefone: 23112
Endereço: 31231
Setor: 312312
Complemento: 313123
Naturalidade: 13123
CEP: 312312312
Cidade: 31231
Estado: 2312312
País: 312331312
--------------------------------------------------
--------------------------------------------------
PC: sant0s
Sistema: win32
IP: 200.73.219.247
IP PC: 192.168.1.7
Data: 03/12/2023
Hora: 19:06:51
Dados: Nome: 1111
CPF: 069.941.881-08
RG: 13213
Sexo: M
Data de Nascimento: 12/21/312
Telefone: 3123123
Endereço: 312312
Setor: 3123123
Complemento: 123123
Naturalidade: 123123123
CEP: 31231
Cidade: 312312
Estado: 312312
País: 31231
--------------------------------------------------
--------------------------------------------------
PC: sant0s
Sistema: win32
IP: 200.73.219.247
IP PC: 192.168.1.7
Data: 03/12/2023
Hora: 19:09:25
Dados: Nome: Erek
CPF: 06994188108
RG: 1231231
Sexo: M
Data de Nascimento: 31/31/2
Telefone: 312312
Endereço: 312312
--------------------------------------------------
--------------------------------------------------
PC: sant0s
Sistema: win32
IP: 200.73.219.247
IP PC: 192.168.1.7
Data: 03/12/2023
Hora: 19:12:06
Dados: Nome: 1111
CPF: 123.123.123-02
RG: 1312
Sexo: M
Data de Nascimento: 13/12/
Telefone: 312312312
Endereço: 3123
Setor: 12312
Complemento: 312312
Naturalidade: 312312
CEP: 312321312
Cidade: 312312312
Estado: 3
País: 1312
--------------------------------------------------
--------------------------------------------------
PC: sant0s
Sistema: win32
IP: 200.73.219.247
IP PC: 192.168.1.7
Data: 03/12/2023
Hora: 19:13:17
Dados: Nome: 111
CPF: 079.578.831-25
RG: 1231231
Sexo: M
Data de Nascimento: 25/02/2004
Telefone: 1123
Endereço: 1231
Setor: 12312
Complemento: 12312
Naturalidade: 13123
CEP: 132213
Cidade: 132123
Estado: 133123
País: 123
--------------------------------------------------
--------------------------------------------------
PC: sant0s
Sistema: win32
IP: 200.73.219.247
IP PC: 192.168.1.7
Data: 03/12/2023
Hora: 19:13:51
Dados: Nome: Erek
CPF: 069.941.881-08
RG: 222332
Sexo: M
Data de Nascimento: 25/02/2004
Telefone: 1321
Endereço: 132123
Setor: 12312
Complemento: 3123123
Naturalidade: 123123
CEP: 13213
Cidade: 1312312
Estado: 3123
País: 12321
--------------------------------------------------
--------------------------------------------------
PC: sant0s
Sistema: win32
IP: 200.73.219.240
IP PC: 192.168.1.9
Data: 09/12/2023
Hora: 13:48:47
Dados: Nome: Erek
CPF: 06994188100
RG: 12321123
Sexo: M
Data de Nascimento: 12/31/312
Telefone: 1312312
Endereço: 312312
Setor: 312312
Complemento: 312321
Naturalidade: 3123213
CEP: 12312321
Cidade: 312
Estado: 1321123
País: 13213
--------------------------------------------------
--------------------------------------------------
PC: sant0s
Sistema: win32
IP: 179.48.74.237
IP PC: 192.168.1.9
Data: 12/12/2023
Hora: 22:04:01
Dados: Nome: erek
CPF: 06994188108
RG: 122312
Sexo: M
Data de Nascimento: 25/02/2004
Telefone: 12231231
Endereço: 21313
Setor: 312312
Complemento: 3213213
Naturalidade: 321312
CEP: 321
Cidade: 312
Estado: 321
País: 31
--------------------------------------------------
--------------------------------------------------
PC: sant0s
Sistema: win32
IP: 179.48.74.233
IP PC: 192.168.1.9
Data: 17/12/2023
Hora: 11:27:59
Dados: Nome: Erek
CPF: 06994188108
RG: 67623
Sexo: M
Data de Nascimento: 12/20/0000
Telefone: 1231312323
Endereço: 31231231
Setor: 3123123
Complemento: 3123
Naturalidade: 132
CEP: 123
Cidade: 132
Estado: 123
País: 123
--------------------------------------------------
--------------------------------------------------
PC: sant0s
Sistema: win32
IP: 179.48.74.233
IP PC: 192.168.1.9
Data: 17/12/2023
Hora: 15:10:23
Dados: Nome: Erek
CPF: 06994188108
RG: 233223
Sexo: M
Data de Nascimento: 25/02/2004
Telefone: 62984201618
Endereço: Rua Esmeralda
Setor: Casego
Complemento: QD9 LT8
Naturalidade: Brasileiro
CEP: 76400000
Cidade: Uruaçu
Estado: Goias
País: Brasil
--------------------------------------------------
--------------------------------------------------
PC: sant0s
Sistema: win32
IP: 179.48.74.233
IP PC: 192.168.1.9
Data: 17/12/2023
Hora: 15:21:34
Dados: Nome: Erek
CPF: 37736302120
RG: 1212312
Sexo: M
Data de Nascimento: 25/02/2004
Telefone: 62984201618
Endereço: Rua Esmeralda
Setor: Casego
Complemento: QD9 LT8
Naturalidade: Brasileiro
CEP: 76400000
Cidade: 
Estado: Brasil
País: Brasil
--------------------------------------------------
--------------------------------------------------
PC: sant0s
Sistema: win32
IP: 179.48.74.233
IP PC: 192.168.1.9
Data: 17/12/2023
Hora: 15:36:42
Dados: Nome: Erek
CPF: 06994188108
RG: 642233
Sexo: M
Data de Nascimento: 25/02/2004
Telefone: 62984201618
Endereço: Rua Esmeralda
Setor: Casego
Complemento: QD9 LT8
Naturalidade: Brasileiro
CEP: 76400000
Cidade: Uruaçu
Estado: GO
País: Brasil
--------------------------------------------------
--------------------------------------------------
PC: sant0s
Sistema: win32
IP: 179.48.74.233
IP PC: 192.168.1.9
Data: 17/12/2023
Hora: 16:21:00
Dados: Nome: Erek
CPF: 37736302120
RG: 123213
Sexo: M
Data de Nascimento: 25//0/2/2004
Telefone: 2323131
Endereço: 31231
Setor: 31231
Complemento: 312312
Naturalidade: 3123123
CEP: 13221312
Cidade: 3123123
Estado: 12312312
País: 3123123
--------------------------------------------------
--------------------------------------------------
PC: sant0s
Sistema: win32
IP: 179.48.74.233
IP PC: 192.168.1.9
Data: 17/12/2023
Hora: 16:24:31
Dados: Nome: Erek
CPF: 06994188108
RG: 123213
Sexo: M
Data de Nascimento: 13/21/3
Telefone: 13213
Endereço: 132123
Setor: 123123
Complemento: 1231231
Naturalidade: 31212
CEP: 312
Cidade: 312
Estado: 123
País: 123
--------------------------------------------------
--------------------------------------------------
PC: sant0s
Sistema: win32
IP: 179.48.74.233
IP PC: 192.168.1.9
Data: 17/12/2023
Hora: 16:25:29
Dados: Nome: erek
CPF: 06994188108
RG: 12313
Sexo: M
Data de Nascimento: 25//0/2/2004
Telefone: 29318931
Endereço: 3131
Setor: 31231
Complemento: 231
Naturalidade: 313
CEP: 123213
Cidade: 12313
Estado: 12321
País: 3123131
--------------------------------------------------
--------------------------------------------------
PC: sant0s
Sistema: win32
IP: 179.48.74.233
IP PC: 192.168.1.9
Data: 17/12/2023
Hora: 16:26:06
Dados: Nome: Erek
CPF: 06994188108
RG: 13212312
Sexo: M
Data de Nascimento: 25/02/2004
Telefone: 31313
Endereço: 123123
Setor: 13123
Complemento: 12312321
Naturalidade: 3123123
CEP: 12312312
Cidade: 312312
Estado: 312312
País: 312312
--------------------------------------------------
--------------------------------------------------
PC: sant0s
Sistema: win32
IP: 179.48.74.233
IP PC: 192.168.1.9
Data: 17/12/2023
Hora: 16:31:51
Dados: Nome: Erek
CPF: 06994188108
RG: 21323
Sexo: M
Data de Nascimento: 13/21/
Telefone: 31123
Endereço: 123123
Setor: 312312
Complemento: 123123
Naturalidade: 312312
CEP: 123
Cidade: 1312
Estado: 31
País: 312
--------------------------------------------------
--------------------------------------------------
PC: sant0s
Sistema: win32
IP: 179.48.74.233
IP PC: 192.168.1.9
Data: 17/12/2023
Hora: 16:32:33
Dados: Nome: Erek
CPF: 06994188108
RG: 131231
Sexo: M
Data de Nascimento: 25/02/2004
Telefone: 312
Endereço: 3123
Setor: 312312
Complemento: 312312
Naturalidade: 312312
CEP: 3123123
Cidade: 312312
Estado: 3123
País: 312321
--------------------------------------------------
--------------------------------------------------
PC: sant0s
Sistema: win32
IP: 179.48.74.233
IP PC: 192.168.1.9
Data: 17/12/2023
Hora: 17:15:16
Dados: Nome: Erek
CPF: 06994188108
RG: 12332
Sexo: M
Data de Nascimento: 25//0/2/2004
Telefone: 2332
Endereço: 321
Setor: 312321
Complemento: 3123
Naturalidade: 213213
CEP: 123123
Cidade: 12312
Estado: 3221
País: 312
--------------------------------------------------
--------------------------------------------------
PC: sant0s
Sistema: win32
IP: 179.48.74.233
IP PC: 192.168.1.9
Data: 17/12/2023
Hora: 17:21:00
Dados: Nome: Erek
CPF: 06994188108
RG: 1321123
Sexo: M
Data de Nascimento: 25//0/2/2004
Telefone: 62984201618
Endereço: Rua Esmeralda
Setor: Casego
Complemento: QD9 LT8
Naturalidade: Brasileiro
CEP: 76400000
Cidade: Uruaçu
Estado: GO
País: Brasil
--------------------------------------------------
