--------------------------------------------------
PC: sant0s
Sistema: win32
IP: teste
IP PC: 192.168.1.5
Data: 19/11/2023
Hora: 22:11:06
--------------------------------------------------
Nome do Avião: Barbatana
Modelo do Avião: Boeing 747
Ano de Fabricação: 1222
Ano de Entrada em Serviço: 3212
Número de Registro: 1231
Fabricante: 3123
Assentos: 3211
Comprimento: 123123.0
Largura: 312312.0
Companhia: 13213
--------------------------------------------------
--------------------------------------------------
PC: sant0s
Sistema: win32
IP: teste
IP PC: 192.168.1.5
Data: 19/11/2023
Hora: 22:16:00
--------------------------------------------------
Nome do Avião: barbatana
Modelo do Avião: boeing 747
Ano de Fabricação: 2002
Ano de Entrada em Serviço: 2015
Número de Registro: 1332
Fabricante: China
Assentos: 45
Comprimento: 45.0
Largura: 33.0
Companhia: Airlines
--------------------------------------------------
--------------------------------------------------
PC: sant0s
Sistema: win32
IP: teste
IP PC: 192.168.1.5
Data: 19/11/2023
Hora: 22:16:40
--------------------------------------------------
Nome do Avião: nome
Modelo do Avião: modelo
Ano de Fabricação: 2002
Ano de Entrada em Serviço: 2022
Número de Registro: 3333333333333333333333
Fabricante: 121
Assentos: 1312
Comprimento: 312312.0
Largura: 3131.0
Companhia: 123
--------------------------------------------------
--------------------------------------------------
PC: sant0s
Sistema: win32
IP: teste
IP PC: 192.168.1.5
Data: 19/11/2023
Hora: 22:19:32
--------------------------------------------------
Nome do Avião: Bazuca
Modelo do Avião: Boeing 747
Ano de Fabricação: 2000
Ano de Entrada em Serviço: 2015
Número de Registro: 123
Fabricante: 321
Assentos: 312
Comprimento: 312.0
Largura: 123.0
Companhia: 123
--------------------------------------------------
--------------------------------------------------
PC: sant0s
Sistema: win32
IP: teste
IP PC: 192.168.1.9
Data: 09/12/2023
Hora: 18:52:07
--------------------------------------------------
Nome do Avião: 123
Modelo do Avião: 123
Ano de Fabricação: 132
Ano de Entrada em Serviço: 123
Número de Registro: 32222
Fabricante: 1231
Assentos: 123
Comprimento: 1321.0
Largura: 1231.0
Companhia: N/A
--------------------------------------------------
--------------------------------------------------
PC: sant0s
Sistema: win32
IP: teste
IP PC: 192.168.1.9
Data: 09/12/2023
Hora: 19:55:16
--------------------------------------------------
Nome do Avião: nome
Modelo do Avião: modelo
Ano de Fabricação: 0
Ano de Entrada em Serviço: 0
Número de Registro: 1321
Fabricante: n
Assentos: 3
Comprimento: 1.0
Largura: 2.0
Companhia: n
--------------------------------------------------
--------------------------------------------------
PC: sant0s
Sistema: win32
IP: teste
IP PC: 192.168.1.9
Data: 17/12/2023
Hora: 11:43:32
--------------------------------------------------
Nome do Avião: BARBATANA
Modelo do Avião: BOEING
Ano de Fabricação: 2002
Ano de Entrada em Serviço: 2023
Número de Registro: 22323
Fabricante: HONDA
Assentos: 45
Comprimento: 12.0
Largura: 23.0
Companhia: LATAM AIRLINES
--------------------------------------------------
--------------------------------------------------
PC: sant0s
Sistema: win32
IP: teste
IP PC: 192.168.1.9
Data: 17/12/2023
Hora: 15:24:11
--------------------------------------------------
Nome do Avião: TRIPA
Modelo do Avião: BOEING
Ano de Fabricação: 202
Ano de Entrada em Serviço: 2004
Número de Registro: 665
Fabricante: LATAM
Assentos: 50
Comprimento: 13.0
Largura: 123.0
Companhia: N/A
--------------------------------------------------
--------------------------------------------------
PC: sant0s
Sistema: win32
IP: teste
IP PC: 192.168.1.9
Data: 17/12/2023
Hora: 15:38:39
--------------------------------------------------
Nome do Avião: BARBATANA
Modelo do Avião: BOEING
Ano de Fabricação: 2004
Ano de Entrada em Serviço: 2016
Número de Registro: 542
Fabricante: LATAM
Assentos: 50
Comprimento: 15.0
Largura: 33.0
Companhia: N/A
--------------------------------------------------
--------------------------------------------------
PC: sant0s
Sistema: win32
IP: teste
IP PC: 192.168.1.9
Data: 17/12/2023
Hora: 17:30:49
--------------------------------------------------
Nome do Avião: Barbatana
Modelo do Avião: Boeing
Ano de Fabricação: 2004
Ano de Entrada em Serviço: 2006
Número de Registro: 2332
Fabricante: Latam
Assentos: 50
Comprimento: 20.0
Largura: 23.0
Companhia: N/A
--------------------------------------------------
