--------------------------------------------------
PC: sant0s
Sistema: win32
IP: teste
IP PC: 192.168.1.5
Data: 19/11/2023
Hora: 19:23:13
--------------------------------------------------
--------------------------------------------------
PC: sant0s
Sistema: win32
IP: teste
IP PC: 192.168.1.5
Data: 19/11/2023
Hora: 19:35:08
--------------------------------------------------
--------------------------------------------------
PC: sant0s
Sistema: win32
IP: teste
IP PC: 192.168.1.5
Data: 19/11/2023
Hora: 19:36:19
--------------------------------------------------
--------------------------------------------------
PC: sant0s
Sistema: win32
IP: teste
IP PC: 192.168.1.5
Data: 19/11/2023
Hora: 19:37:03
--------------------------------------------------
--------------------------------------------------
PC: sant0s
Sistema: win32
IP: teste
IP PC: 192.168.1.5
Data: 19/11/2023
Hora: 19:49:20
--------------------------------------------------
--------------------------------------------------
PC: sant0s
Sistema: win32
IP: teste
IP PC: 192.168.1.5
Data: 19/11/2023
Hora: 19:53:06
--------------------------------------------------
--------------------------------------------------
PC: sant0s
Sistema: win32
IP: teste
IP PC: 192.168.1.5
Data: 19/11/2023
Hora: 19:56:49
--------------------------------------------------
--------------------------------------------------
PC: sant0s
Sistema: win32
IP: teste
IP PC: 192.168.1.5
Data: 19/11/2023
Hora: 19:58:01
--------------------------------------------------
--------------------------------------------------
PC: sant0s
Sistema: win32
IP: teste
IP PC: 192.168.1.5
Data: 19/11/2023
Hora: 19:58:36
--------------------------------------------------
--------------------------------------------------
PC: sant0s
Sistema: win32
IP: teste
IP PC: 192.168.1.5
Data: 19/11/2023
Hora: 19:59:48
--------------------------------------------------
--------------------------------------------------
PC: sant0s
Sistema: win32
IP: teste
IP PC: 192.168.1.5
Data: 19/11/2023
Hora: 20:00:22
--------------------------------------------------
--------------------------------------------------
PC: sant0s
Sistema: win32
IP: teste
IP PC: 192.168.1.5
Data: 19/11/2023
Hora: 20:02:57
--------------------------------------------------
--------------------------------------------------
PC: sant0s
Sistema: win32
IP: teste
IP PC: 192.168.1.5
Data: 19/11/2023
Hora: 20:03:39
--------------------------------------------------
--------------------------------------------------
PC: sant0s
Sistema: win32
IP: teste
IP PC: 192.168.1.5
Data: 19/11/2023
Hora: 20:04:49
--------------------------------------------------
--------------------------------------------------
PC: sant0s
Sistema: win32
IP: teste
IP PC: 192.168.1.5
Data: 19/11/2023
Hora: 20:08:06
--------------------------------------------------
--------------------------------------------------
PC: sant0s
Sistema: win32
IP: teste
IP PC: 192.168.1.5
Data: 19/11/2023
Hora: 20:10:10
--------------------------------------------------
--------------------------------------------------
PC: sant0s
Sistema: win32
IP: teste
IP PC: 192.168.1.5
Data: 19/11/2023
Hora: 20:11:16
--------------------------------------------------
--------------------------------------------------
PC: sant0s
Sistema: win32
IP: teste
IP PC: 192.168.1.5
Data: 19/11/2023
Hora: 20:12:39
--------------------------------------------------
--------------------------------------------------
PC: sant0s
Sistema: win32
IP: teste
IP PC: 192.168.1.5
Data: 19/11/2023
Hora: 20:16:10
--------------------------------------------------
--------------------------------------------------
PC: sant0s
Sistema: win32
IP: teste
IP PC: 192.168.1.5
Data: 19/11/2023
Hora: 20:18:10
--------------------------------------------------
--------------------------------------------------
PC: sant0s
Sistema: win32
IP: teste
IP PC: 192.168.1.5
Data: 19/11/2023
Hora: 20:18:47
--------------------------------------------------
--------------------------------------------------
PC: sant0s
Sistema: win32
IP: teste
IP PC: 192.168.1.5
Data: 19/11/2023
Hora: 20:19:28
--------------------------------------------------
--------------------------------------------------
PC: sant0s
Sistema: win32
IP: teste
IP PC: 192.168.1.5
Data: 19/11/2023
Hora: 20:25:02
--------------------------------------------------
--------------------------------------------------
PC: sant0s
Sistema: win32
IP: teste
IP PC: 192.168.1.5
Data: 19/11/2023
Hora: 20:25:54
--------------------------------------------------
--------------------------------------------------
PC: sant0s
Sistema: win32
IP: teste
IP PC: 192.168.1.5
Data: 19/11/2023
Hora: 20:31:41
--------------------------------------------------
--------------------------------------------------
PC: sant0s
Sistema: win32
IP: teste
IP PC: 192.168.1.5
Data: 19/11/2023
Hora: 20:33:55
--------------------------------------------------
--------------------------------------------------
PC: sant0s
Sistema: win32
IP: teste
IP PC: 192.168.1.5
Data: 19/11/2023
Hora: 20:34:40
--------------------------------------------------
--------------------------------------------------
PC: sant0s
Sistema: win32
IP: teste
IP PC: 192.168.1.5
Data: 19/11/2023
Hora: 20:35:20
--------------------------------------------------
--------------------------------------------------
PC: sant0s
Sistema: win32
IP: teste
IP PC: 192.168.1.5
Data: 19/11/2023
Hora: 20:36:13
--------------------------------------------------
--------------------------------------------------
PC: sant0s
Sistema: win32
IP: teste
IP PC: 192.168.1.5
Data: 19/11/2023
Hora: 20:39:48
--------------------------------------------------
--------------------------------------------------
PC: sant0s
Sistema: win32
IP: teste
IP PC: 192.168.1.5
Data: 19/11/2023
Hora: 20:41:30
--------------------------------------------------
--------------------------------------------------
PC: sant0s
Sistema: win32
IP: teste
IP PC: 192.168.1.5
Data: 19/11/2023
Hora: 20:42:28
--------------------------------------------------
--------------------------------------------------
PC: sant0s
Sistema: win32
IP: teste
IP PC: 192.168.1.5
Data: 19/11/2023
Hora: 20:43:10
--------------------------------------------------
--------------------------------------------------
PC: sant0s
Sistema: win32
IP: teste
IP PC: 192.168.1.5
Data: 19/11/2023
Hora: 20:43:27
--------------------------------------------------
--------------------------------------------------
PC: sant0s
Sistema: win32
IP: teste
IP PC: 192.168.1.5
Data: 19/11/2023
Hora: 20:44:54
--------------------------------------------------
--------------------------------------------------
PC: sant0s
Sistema: win32
IP: teste
IP PC: 192.168.1.5
Data: 19/11/2023
Hora: 20:46:17
--------------------------------------------------
--------------------------------------------------
PC: sant0s
Sistema: win32
IP: teste
IP PC: 192.168.1.5
Data: 19/11/2023
Hora: 20:46:54
--------------------------------------------------
--------------------------------------------------
PC: sant0s
Sistema: win32
IP: teste
IP PC: 192.168.1.5
Data: 19/11/2023
Hora: 20:49:13
--------------------------------------------------
--------------------------------------------------
PC: sant0s
Sistema: win32
IP: teste
IP PC: 192.168.1.5
Data: 19/11/2023
Hora: 20:51:41
--------------------------------------------------
--------------------------------------------------
PC: sant0s
Sistema: win32
IP: teste
IP PC: 192.168.1.5
Data: 19/11/2023
Hora: 20:52:16
--------------------------------------------------
--------------------------------------------------
PC: sant0s
Sistema: win32
IP: teste
IP PC: 192.168.1.5
Data: 19/11/2023
Hora: 20:54:26
--------------------------------------------------
--------------------------------------------------
PC: sant0s
Sistema: win32
IP: teste
IP PC: 192.168.1.5
Data: 19/11/2023
Hora: 20:55:11
--------------------------------------------------
--------------------------------------------------
PC: sant0s
Sistema: win32
IP: teste
IP PC: 192.168.1.5
Data: 19/11/2023
Hora: 21:01:18
--------------------------------------------------
--------------------------------------------------
PC: sant0s
Sistema: win32
IP: teste
IP PC: 192.168.1.5
Data: 19/11/2023
Hora: 21:02:30
--------------------------------------------------
--------------------------------------------------
PC: sant0s
Sistema: win32
IP: teste
IP PC: 192.168.1.5
Data: 19/11/2023
Hora: 21:06:03
--------------------------------------------------
--------------------------------------------------
PC: sant0s
Sistema: win32
IP: teste
IP PC: 192.168.1.5
Data: 19/11/2023
Hora: 21:07:23
--------------------------------------------------
--------------------------------------------------
PC: sant0s
Sistema: win32
IP: teste
IP PC: 192.168.1.5
Data: 19/11/2023
Hora: 21:56:12
--------------------------------------------------
--------------------------------------------------
PC: sant0s
Sistema: win32
IP: teste
IP PC: 192.168.1.5
Data: 19/11/2023
Hora: 22:09:47
--------------------------------------------------
--------------------------------------------------
PC: sant0s
Sistema: win32
IP: teste
IP PC: 192.168.1.5
Data: 19/11/2023
Hora: 22:10:36
--------------------------------------------------
--------------------------------------------------
PC: sant0s
Sistema: win32
IP: teste
IP PC: 192.168.1.5
Data: 19/11/2023
Hora: 22:15:19
--------------------------------------------------
--------------------------------------------------
PC: sant0s
Sistema: win32
IP: teste
IP PC: 192.168.1.5
Data: 19/11/2023
Hora: 22:19:11
--------------------------------------------------
--------------------------------------------------
PC: sant0s
Sistema: win32
IP: teste
IP PC: 192.168.1.5
Data: 19/11/2023
Hora: 22:20:30
--------------------------------------------------
--------------------------------------------------
PC: sant0s
Sistema: win32
IP: teste
IP PC: 192.168.1.5
Data: 19/11/2023
Hora: 22:22:36
--------------------------------------------------
--------------------------------------------------
PC: sant0s
Sistema: win32
IP: teste
IP PC: 192.168.1.5
Data: 19/11/2023
Hora: 22:23:33
--------------------------------------------------
--------------------------------------------------
PC: sant0s
Sistema: win32
IP: teste
IP PC: 192.168.1.5
Data: 19/11/2023
Hora: 22:24:24
--------------------------------------------------
--------------------------------------------------
PC: sant0s
Sistema: win32
IP: teste
IP PC: 192.168.1.5
Data: 19/11/2023
Hora: 22:26:08
--------------------------------------------------
--------------------------------------------------
PC: sant0s
Sistema: win32
IP: teste
IP PC: 192.168.1.5
Data: 19/11/2023
Hora: 22:26:48
--------------------------------------------------
--------------------------------------------------
PC: sant0s
Sistema: win32
IP: teste
IP PC: 192.168.1.5
Data: 19/11/2023
Hora: 22:27:30
--------------------------------------------------
--------------------------------------------------
PC: sant0s
Sistema: win32
IP: teste
IP PC: 192.168.1.5
Data: 19/11/2023
Hora: 22:28:32
--------------------------------------------------
--------------------------------------------------
PC: sant0s
Sistema: win32
IP: teste
IP PC: 192.168.1.5
Data: 19/11/2023
Hora: 22:29:16
--------------------------------------------------
--------------------------------------------------
PC: sant0s
Sistema: win32
IP: teste
IP PC: 192.168.1.5
Data: 19/11/2023
Hora: 22:30:02
--------------------------------------------------
--------------------------------------------------
PC: sant0s
Sistema: win32
IP: teste
IP PC: 192.168.1.5
Data: 19/11/2023
Hora: 22:37:11
--------------------------------------------------
--------------------------------------------------
PC: sant0s
Sistema: win32
IP: teste
IP PC: 192.168.1.5
Data: 19/11/2023
Hora: 22:38:01
--------------------------------------------------
--------------------------------------------------
PC: sant0s
Sistema: win32
IP: teste
IP PC: 192.168.1.5
Data: 19/11/2023
Hora: 22:38:44
--------------------------------------------------
--------------------------------------------------
PC: sant0s
Sistema: win32
IP: teste
IP PC: 192.168.1.5
Data: 19/11/2023
Hora: 22:39:36
--------------------------------------------------
--------------------------------------------------
PC: sant0s
Sistema: win32
IP: teste
IP PC: 192.168.1.5
Data: 19/11/2023
Hora: 22:40:36
--------------------------------------------------
--------------------------------------------------
PC: sant0s
Sistema: win32
IP: teste
IP PC: 192.168.1.5
Data: 19/11/2023
Hora: 22:43:10
--------------------------------------------------
--------------------------------------------------
PC: sant0s
Sistema: win32
IP: teste
IP PC: 192.168.1.5
Data: 19/11/2023
Hora: 22:43:46
--------------------------------------------------
--------------------------------------------------
PC: sant0s
Sistema: win32
IP: teste
IP PC: 192.168.56.1
Data: 20/11/2023
Hora: 18:21:34
--------------------------------------------------
--------------------------------------------------
PC: sant0s
Sistema: win32
IP: teste
IP PC: 192.168.56.1
Data: 20/11/2023
Hora: 21:21:43
--------------------------------------------------
--------------------------------------------------
PC: sant0s
Sistema: win32
IP: teste
IP PC: 192.168.56.1
Data: 20/11/2023
Hora: 21:23:03
--------------------------------------------------
--------------------------------------------------
PC: sant0s
Sistema: win32
IP: teste
IP PC: 192.168.56.1
Data: 20/11/2023
Hora: 21:24:14
--------------------------------------------------
--------------------------------------------------
PC: sant0s
Sistema: win32
IP: teste
IP PC: 192.168.56.1
Data: 20/11/2023
Hora: 21:25:39
--------------------------------------------------
--------------------------------------------------
PC: sant0s
Sistema: win32
IP: teste
IP PC: 192.168.56.1
Data: 20/11/2023
Hora: 21:26:44
--------------------------------------------------
--------------------------------------------------
PC: sant0s
Sistema: win32
IP: teste
IP PC: 192.168.56.1
Data: 20/11/2023
Hora: 21:27:56
--------------------------------------------------
--------------------------------------------------
PC: sant0s
Sistema: win32
IP: teste
IP PC: 192.168.56.1
Data: 20/11/2023
Hora: 21:31:16
--------------------------------------------------
--------------------------------------------------
PC: sant0s
Sistema: win32
IP: teste
IP PC: 192.168.56.1
Data: 20/11/2023
Hora: 21:33:16
--------------------------------------------------
--------------------------------------------------
PC: sant0s
Sistema: win32
IP: teste
IP PC: 192.168.56.1
Data: 20/11/2023
Hora: 21:35:21
--------------------------------------------------
--------------------------------------------------
PC: sant0s
Sistema: win32
IP: teste
IP PC: 192.168.56.1
Data: 20/11/2023
Hora: 21:37:05
--------------------------------------------------
--------------------------------------------------
PC: sant0s
Sistema: win32
IP: teste
IP PC: 192.168.56.1
Data: 20/11/2023
Hora: 21:37:27
--------------------------------------------------
--------------------------------------------------
PC: sant0s
Sistema: win32
IP: teste
IP PC: 192.168.56.1
Data: 20/11/2023
Hora: 21:38:46
--------------------------------------------------
--------------------------------------------------
PC: sant0s
Sistema: win32
IP: teste
IP PC: 192.168.56.1
Data: 20/11/2023
Hora: 21:41:26
--------------------------------------------------
--------------------------------------------------
PC: sant0s
Sistema: win32
IP: teste
IP PC: 192.168.56.1
Data: 20/11/2023
Hora: 21:42:42
--------------------------------------------------
--------------------------------------------------
PC: sant0s
Sistema: win32
IP: teste
IP PC: 192.168.56.1
Data: 20/11/2023
Hora: 21:43:27
--------------------------------------------------
--------------------------------------------------
PC: sant0s
Sistema: win32
IP: teste
IP PC: 192.168.56.1
Data: 20/11/2023
Hora: 21:44:14
--------------------------------------------------
--------------------------------------------------
PC: sant0s
Sistema: win32
IP: teste
IP PC: 192.168.56.1
Data: 23/11/2023
Hora: 22:15:53
--------------------------------------------------
--------------------------------------------------
PC: sant0s
Sistema: win32
IP: teste
IP PC: 192.168.56.1
Data: 23/11/2023
Hora: 22:16:30
--------------------------------------------------
--------------------------------------------------
PC: sant0s
Sistema: win32
IP: teste
IP PC: 192.168.56.1
Data: 23/11/2023
Hora: 22:18:11
--------------------------------------------------
--------------------------------------------------
PC: sant0s
Sistema: win32
IP: teste
IP PC: 192.168.56.1
Data: 23/11/2023
Hora: 22:19:07
--------------------------------------------------
--------------------------------------------------
PC: sant0s
Sistema: win32
IP: teste
IP PC: 192.168.56.1
Data: 23/11/2023
Hora: 22:26:39
--------------------------------------------------
--------------------------------------------------
PC: sant0s
Sistema: win32
IP: teste
IP PC: 192.168.56.1
Data: 23/11/2023
Hora: 22:26:49
--------------------------------------------------
--------------------------------------------------
PC: sant0s
Sistema: win32
IP: teste
IP PC: 192.168.56.1
Data: 23/11/2023
Hora: 22:27:51
--------------------------------------------------
--------------------------------------------------
PC: sant0s
Sistema: win32
IP: teste
IP PC: 192.168.56.1
Data: 23/11/2023
Hora: 22:32:05
--------------------------------------------------
--------------------------------------------------
PC: sant0s
Sistema: win32
IP: teste
IP PC: 192.168.56.1
Data: 23/11/2023
Hora: 22:32:28
--------------------------------------------------
--------------------------------------------------
PC: sant0s
Sistema: win32
IP: teste
IP PC: 192.168.56.1
Data: 23/11/2023
Hora: 22:34:14
--------------------------------------------------
--------------------------------------------------
PC: sant0s
Sistema: win32
IP: teste
IP PC: 192.168.1.7
Data: 03/12/2023
Hora: 18:10:07
--------------------------------------------------
--------------------------------------------------
PC: sant0s
Sistema: win32
IP: teste
IP PC: 192.168.1.7
Data: 03/12/2023
Hora: 18:11:13
--------------------------------------------------
--------------------------------------------------
PC: sant0s
Sistema: win32
IP: teste
IP PC: 192.168.1.7
Data: 03/12/2023
Hora: 18:12:13
--------------------------------------------------
--------------------------------------------------
PC: sant0s
Sistema: win32
IP: teste
IP PC: 192.168.1.7
Data: 03/12/2023
Hora: 18:12:40
--------------------------------------------------
--------------------------------------------------
PC: sant0s
Sistema: win32
IP: teste
IP PC: 192.168.1.7
Data: 03/12/2023
Hora: 18:14:18
--------------------------------------------------
--------------------------------------------------
PC: sant0s
Sistema: win32
IP: teste
IP PC: 192.168.1.7
Data: 03/12/2023
Hora: 18:18:09
--------------------------------------------------
--------------------------------------------------
PC: sant0s
Sistema: win32
IP: teste
IP PC: 192.168.1.7
Data: 03/12/2023
Hora: 18:19:44
--------------------------------------------------
--------------------------------------------------
PC: sant0s
Sistema: win32
IP: teste
IP PC: 192.168.1.7
Data: 03/12/2023
Hora: 18:20:05
--------------------------------------------------
--------------------------------------------------
PC: sant0s
Sistema: win32
IP: teste
IP PC: 192.168.1.7
Data: 03/12/2023
Hora: 18:26:46
--------------------------------------------------
--------------------------------------------------
PC: sant0s
Sistema: win32
IP: teste
IP PC: 192.168.1.7
Data: 03/12/2023
Hora: 18:27:13
--------------------------------------------------
--------------------------------------------------
PC: sant0s
Sistema: win32
IP: teste
IP PC: 192.168.1.7
Data: 03/12/2023
Hora: 18:27:41
--------------------------------------------------
--------------------------------------------------
PC: sant0s
Sistema: win32
IP: teste
IP PC: 192.168.1.7
Data: 03/12/2023
Hora: 18:27:50
--------------------------------------------------
--------------------------------------------------
PC: sant0s
Sistema: win32
IP: teste
IP PC: 192.168.1.7
Data: 03/12/2023
Hora: 18:29:37
--------------------------------------------------
--------------------------------------------------
PC: sant0s
Sistema: win32
IP: teste
IP PC: 192.168.1.7
Data: 03/12/2023
Hora: 18:30:27
--------------------------------------------------
--------------------------------------------------
PC: sant0s
Sistema: win32
IP: teste
IP PC: 192.168.1.7
Data: 03/12/2023
Hora: 18:31:20
--------------------------------------------------
--------------------------------------------------
PC: sant0s
Sistema: win32
IP: teste
IP PC: 192.168.1.7
Data: 03/12/2023
Hora: 18:33:14
--------------------------------------------------
--------------------------------------------------
PC: sant0s
Sistema: win32
IP: teste
IP PC: 192.168.1.7
Data: 03/12/2023
Hora: 18:35:35
--------------------------------------------------
--------------------------------------------------
PC: sant0s
Sistema: win32
IP: teste
IP PC: 192.168.1.7
Data: 03/12/2023
Hora: 18:55:04
--------------------------------------------------
--------------------------------------------------
PC: sant0s
Sistema: win32
IP: teste
IP PC: 192.168.1.7
Data: 03/12/2023
Hora: 18:57:22
--------------------------------------------------
--------------------------------------------------
PC: sant0s
Sistema: win32
IP: teste
IP PC: 192.168.1.7
Data: 03/12/2023
Hora: 18:57:40
--------------------------------------------------
--------------------------------------------------
PC: sant0s
Sistema: win32
IP: teste
IP PC: 192.168.1.7
Data: 03/12/2023
Hora: 19:03:05
--------------------------------------------------
--------------------------------------------------
PC: sant0s
Sistema: win32
IP: teste
IP PC: 192.168.1.7
Data: 03/12/2023
Hora: 19:03:27
--------------------------------------------------
--------------------------------------------------
PC: sant0s
Sistema: win32
IP: teste
IP PC: 192.168.1.7
Data: 03/12/2023
Hora: 19:04:16
--------------------------------------------------
--------------------------------------------------
PC: sant0s
Sistema: win32
IP: teste
IP PC: 192.168.1.7
Data: 03/12/2023
Hora: 19:04:42
--------------------------------------------------
--------------------------------------------------
PC: sant0s
Sistema: win32
IP: teste
IP PC: 192.168.1.7
Data: 03/12/2023
Hora: 19:05:51
--------------------------------------------------
--------------------------------------------------
PC: sant0s
Sistema: win32
IP: teste
IP PC: 192.168.1.7
Data: 03/12/2023
Hora: 19:06:05
--------------------------------------------------
--------------------------------------------------
PC: sant0s
Sistema: win32
IP: teste
IP PC: 192.168.1.7
Data: 03/12/2023
Hora: 19:08:59
--------------------------------------------------
--------------------------------------------------
PC: sant0s
Sistema: win32
IP: teste
IP PC: 192.168.1.7
Data: 03/12/2023
Hora: 19:10:55
--------------------------------------------------
--------------------------------------------------
PC: sant0s
Sistema: win32
IP: teste
IP PC: 192.168.1.7
Data: 03/12/2023
Hora: 19:11:30
--------------------------------------------------
--------------------------------------------------
PC: sant0s
Sistema: win32
IP: teste
IP PC: 192.168.1.7
Data: 03/12/2023
Hora: 19:13:31
--------------------------------------------------
--------------------------------------------------
PC: sant0s
Sistema: win32
IP: teste
IP PC: 192.168.1.7
Data: 03/12/2023
Hora: 19:15:40
--------------------------------------------------
--------------------------------------------------
PC: sant0s
Sistema: win32
IP: teste
IP PC: 192.168.1.7
Data: 03/12/2023
Hora: 19:16:17
--------------------------------------------------
--------------------------------------------------
PC: sant0s
Sistema: win32
IP: teste
IP PC: 192.168.1.7
Data: 03/12/2023
Hora: 19:16:56
--------------------------------------------------
--------------------------------------------------
PC: sant0s
Sistema: win32
IP: teste
IP PC: 192.168.1.7
Data: 03/12/2023
Hora: 19:17:27
--------------------------------------------------
--------------------------------------------------
PC: sant0s
Sistema: win32
IP: teste
IP PC: 192.168.1.7
Data: 03/12/2023
Hora: 19:17:39
--------------------------------------------------
--------------------------------------------------
PC: sant0s
Sistema: win32
IP: teste
IP PC: 192.168.1.7
Data: 03/12/2023
Hora: 19:18:36
--------------------------------------------------
--------------------------------------------------
PC: sant0s
Sistema: win32
IP: teste
IP PC: 192.168.1.7
Data: 03/12/2023
Hora: 19:20:00
--------------------------------------------------
--------------------------------------------------
PC: sant0s
Sistema: win32
IP: teste
IP PC: 192.168.1.7
Data: 03/12/2023
Hora: 19:23:03
--------------------------------------------------
--------------------------------------------------
PC: sant0s
Sistema: win32
IP: teste
IP PC: 192.168.1.9
Data: 09/12/2023
Hora: 13:04:55
--------------------------------------------------
--------------------------------------------------
PC: sant0s
Sistema: win32
IP: teste
IP PC: 192.168.1.9
Data: 09/12/2023
Hora: 13:05:07
--------------------------------------------------
--------------------------------------------------
PC: sant0s
Sistema: win32
IP: teste
IP PC: 192.168.1.9
Data: 09/12/2023
Hora: 13:05:21
--------------------------------------------------
--------------------------------------------------
PC: sant0s
Sistema: win32
IP: teste
IP PC: 192.168.1.9
Data: 09/12/2023
Hora: 13:05:37
--------------------------------------------------
--------------------------------------------------
PC: sant0s
Sistema: win32
IP: teste
IP PC: 192.168.1.9
Data: 09/12/2023
Hora: 13:06:33
--------------------------------------------------
--------------------------------------------------
PC: sant0s
Sistema: win32
IP: teste
IP PC: 192.168.1.9
Data: 09/12/2023
Hora: 13:06:52
--------------------------------------------------
--------------------------------------------------
PC: sant0s
Sistema: win32
IP: teste
IP PC: 192.168.1.9
Data: 09/12/2023
Hora: 13:07:15
--------------------------------------------------
--------------------------------------------------
PC: sant0s
Sistema: win32
IP: teste
IP PC: 192.168.1.9
Data: 09/12/2023
Hora: 13:07:39
--------------------------------------------------
--------------------------------------------------
PC: sant0s
Sistema: win32
IP: teste
IP PC: 192.168.1.9
Data: 09/12/2023
Hora: 13:09:01
--------------------------------------------------
--------------------------------------------------
PC: sant0s
Sistema: win32
IP: teste
IP PC: 192.168.1.9
Data: 09/12/2023
Hora: 13:09:52
--------------------------------------------------
--------------------------------------------------
PC: sant0s
Sistema: win32
IP: teste
IP PC: 192.168.1.9
Data: 09/12/2023
Hora: 13:11:13
--------------------------------------------------
--------------------------------------------------
PC: sant0s
Sistema: win32
IP: teste
IP PC: 192.168.1.9
Data: 09/12/2023
Hora: 13:12:13
--------------------------------------------------
--------------------------------------------------
PC: sant0s
Sistema: win32
IP: teste
IP PC: 192.168.1.9
Data: 09/12/2023
Hora: 13:47:03
--------------------------------------------------
--------------------------------------------------
PC: sant0s
Sistema: win32
IP: teste
IP PC: 192.168.1.9
Data: 09/12/2023
Hora: 13:48:19
--------------------------------------------------
--------------------------------------------------
PC: sant0s
Sistema: win32
IP: teste
IP PC: 192.168.1.9
Data: 09/12/2023
Hora: 18:48:28
--------------------------------------------------
--------------------------------------------------
PC: sant0s
Sistema: win32
IP: teste
IP PC: 192.168.1.9
Data: 09/12/2023
Hora: 18:48:45
--------------------------------------------------
--------------------------------------------------
PC: sant0s
Sistema: win32
IP: teste
IP PC: 192.168.1.9
Data: 09/12/2023
Hora: 18:49:50
--------------------------------------------------
--------------------------------------------------
PC: sant0s
Sistema: win32
IP: teste
IP PC: 192.168.1.9
Data: 09/12/2023
Hora: 18:51:48
--------------------------------------------------
--------------------------------------------------
PC: sant0s
Sistema: win32
IP: teste
IP PC: 192.168.1.9
Data: 09/12/2023
Hora: 18:53:36
--------------------------------------------------
--------------------------------------------------
PC: sant0s
Sistema: win32
IP: teste
IP PC: 192.168.1.9
Data: 09/12/2023
Hora: 18:59:53
--------------------------------------------------
--------------------------------------------------
PC: sant0s
Sistema: win32
IP: teste
IP PC: 192.168.1.9
Data: 09/12/2023
Hora: 19:01:25
--------------------------------------------------
--------------------------------------------------
PC: sant0s
Sistema: win32
IP: teste
IP PC: 192.168.1.9
Data: 09/12/2023
Hora: 19:01:47
--------------------------------------------------
--------------------------------------------------
PC: sant0s
Sistema: win32
IP: teste
IP PC: 192.168.1.9
Data: 09/12/2023
Hora: 19:02:34
--------------------------------------------------
--------------------------------------------------
PC: sant0s
Sistema: win32
IP: teste
IP PC: 192.168.1.9
Data: 09/12/2023
Hora: 19:03:06
--------------------------------------------------
--------------------------------------------------
PC: sant0s
Sistema: win32
IP: teste
IP PC: 192.168.1.9
Data: 09/12/2023
Hora: 19:03:45
--------------------------------------------------
--------------------------------------------------
PC: sant0s
Sistema: win32
IP: teste
IP PC: 192.168.1.9
Data: 09/12/2023
Hora: 19:04:17
--------------------------------------------------
--------------------------------------------------
PC: sant0s
Sistema: win32
IP: teste
IP PC: 192.168.1.9
Data: 09/12/2023
Hora: 19:06:53
--------------------------------------------------
--------------------------------------------------
PC: sant0s
Sistema: win32
IP: teste
IP PC: 192.168.1.9
Data: 09/12/2023
Hora: 19:07:18
--------------------------------------------------
--------------------------------------------------
PC: sant0s
Sistema: win32
IP: teste
IP PC: 192.168.1.9
Data: 09/12/2023
Hora: 19:08:07
--------------------------------------------------
--------------------------------------------------
PC: sant0s
Sistema: win32
IP: teste
IP PC: 192.168.1.9
Data: 09/12/2023
Hora: 19:54:52
--------------------------------------------------
--------------------------------------------------
PC: sant0s
Sistema: win32
IP: teste
IP PC: 192.168.1.9
Data: 09/12/2023
Hora: 19:57:00
--------------------------------------------------
--------------------------------------------------
PC: sant0s
Sistema: win32
IP: teste
IP PC: 192.168.1.9
Data: 09/12/2023
Hora: 19:57:34
--------------------------------------------------
--------------------------------------------------
PC: sant0s
Sistema: win32
IP: teste
IP PC: 192.168.1.9
Data: 09/12/2023
Hora: 19:58:15
--------------------------------------------------
--------------------------------------------------
PC: sant0s
Sistema: win32
IP: teste
IP PC: 192.168.1.9
Data: 09/12/2023
Hora: 19:58:37
--------------------------------------------------
--------------------------------------------------
PC: sant0s
Sistema: win32
IP: teste
IP PC: 192.168.1.9
Data: 09/12/2023
Hora: 19:59:30
--------------------------------------------------
--------------------------------------------------
PC: sant0s
Sistema: win32
IP: teste
IP PC: 192.168.1.9
Data: 09/12/2023
Hora: 20:00:15
--------------------------------------------------
--------------------------------------------------
PC: sant0s
Sistema: win32
IP: teste
IP PC: 192.168.1.9
Data: 09/12/2023
Hora: 20:00:57
--------------------------------------------------
--------------------------------------------------
PC: sant0s
Sistema: win32
IP: teste
IP PC: 192.168.1.9
Data: 09/12/2023
Hora: 20:02:01
--------------------------------------------------
--------------------------------------------------
PC: sant0s
Sistema: win32
IP: teste
IP PC: 192.168.1.9
Data: 09/12/2023
Hora: 20:07:57
--------------------------------------------------
--------------------------------------------------
PC: sant0s
Sistema: win32
IP: teste
IP PC: 192.168.1.9
Data: 09/12/2023
Hora: 20:12:33
--------------------------------------------------
--------------------------------------------------
PC: sant0s
Sistema: win32
IP: teste
IP PC: 192.168.1.9
Data: 09/12/2023
Hora: 20:15:04
--------------------------------------------------
--------------------------------------------------
PC: sant0s
Sistema: win32
IP: teste
IP PC: 192.168.1.9
Data: 09/12/2023
Hora: 20:15:32
--------------------------------------------------
--------------------------------------------------
PC: sant0s
Sistema: win32
IP: teste
IP PC: 192.168.1.9
Data: 09/12/2023
Hora: 20:15:51
--------------------------------------------------
--------------------------------------------------
PC: sant0s
Sistema: win32
IP: teste
IP PC: 192.168.1.9
Data: 09/12/2023
Hora: 22:16:08
--------------------------------------------------
--------------------------------------------------
PC: sant0s
Sistema: win32
IP: teste
IP PC: 192.168.1.9
Data: 09/12/2023
Hora: 22:21:25
--------------------------------------------------
--------------------------------------------------
PC: sant0s
Sistema: win32
IP: teste
IP PC: 192.168.1.9
Data: 09/12/2023
Hora: 22:22:11
--------------------------------------------------
--------------------------------------------------
PC: sant0s
Sistema: win32
IP: teste
IP PC: 192.168.1.9
Data: 09/12/2023
Hora: 22:29:02
--------------------------------------------------
